生成启动时间为 2018/8/20 13:57:55。
     1>项目“E:\比特学习代码\比特数据结构代码\Huffman树\Huffman树\Huffman树.vcxproj”在节点 2 上(Build 个目标)。
     1>ClCompile:
         D:\vs2013\VC\bin\CL.exe /c /ZI /nologo /W3 /WX- /sdl /Od /Oy- /D _UNICODE /D UNICODE /Gm /EHsc /RTC1 /MDd /GS /fp:precise /Zc:wchar_t /Zc:forScope /Fo"Debug\\" /Fd"Debug\vc120.pdb" /Gd /TP /analyze- /errorReport:prompt "源.cpp"
         源.cpp
     1>e:\比特学习代码\比特数据结构代码\huffman树\huffman树\huffman.h(41): warning C4018: “<”: 有符号/无符号不匹配
                 e:\比特学习代码\比特数据结构代码\huffman树\huffman树\huffman.h(35): 编译类 模板 成员函数“void HuffmanTree<int>::_CreateHuffmanTree(W *,size_t,const W &)”时
                 with
                 [
                     W=int
                 ]
                 e:\比特学习代码\比特数据结构代码\huffman树\huffman树\huffman.h(27): 参见对正在编译的函数 模板 实例化“void HuffmanTree<int>::_CreateHuffmanTree(W *,size_t,const W &)”的引用
                 with
                 [
                     W=int
                 ]
                 e:\比特学习代码\比特数据结构代码\huffman树\huffman树\源.cpp(5): 参见对正在编译的类 模板 实例化“HuffmanTree<int>”的引用
       Link:
         D:\vs2013\VC\bin\link.exe /ERRORREPORT:PROMPT /OUT:"E:\比特学习代码\比特数据结构代码\Huffman树\Debug\Huffman树.exe" /INCREMENTAL /NOLOGO kernel32.lib user32.lib gdi32.lib winspool.lib comdlg32.lib advapi32.lib shell32.lib ole32.lib oleaut32.lib uuid.lib odbc32.lib odbccp32.lib /MANIFEST /MANIFESTUAC:"level='asInvoker' uiAccess='false'" /manifest:embed /DEBUG /PDB:"E:\比特学习代码\比特数据结构代码\Huffman树\Debug\Huffman树.pdb" /TLBID:1 /DYNAMICBASE /NXCOMPAT /IMPLIB:"E:\比特学习代码\比特数据结构代码\Huffman树\Debug\Huffman树.lib" /MACHINE:X86 "Debug\源.obj"
         Huffman树.vcxproj -> E:\比特学习代码\比特数据结构代码\Huffman树\Debug\Huffman树.exe
     1>已完成生成项目“E:\比特学习代码\比特数据结构代码\Huffman树\Huffman树\Huffman树.vcxproj”(Build 个目标)的操作。

生成成功。

已用时间 00:00:01.10
